2020-04-22 01:24:43,676 DEBUG [main] BasicClientConnectionManager:164 - Get connection for route {}->http://localhost:3030
2020-04-22 01:24:43,708 DEBUG [main] DefaultClientConnectionOperator:176 - Connecting to localhost:3030
2020-04-22 01:24:43,744 DEBUG [main] RequestAddCookies:122 - CookieSpec selected: ignoreCookies
2020-04-22 01:24:43,750 DEBUG [main] RequestAuthCache:76 - Auth cache not set in the context
2020-04-22 01:24:43,751 DEBUG [main] RequestTargetAuthentication:79 - Target auth state: UNCHALLENGED
2020-04-22 01:24:43,753 DEBUG [main] RequestProxyAuthentication:88 - Proxy auth state: UNCHALLENGED
2020-04-22 01:24:43,754 DEBUG [main] DefaultHttpClient:684 - Attempt 1 to execute request
2020-04-22 01:24:43,755 DEBUG [main] DefaultClientConnection:276 - Sending request: POST /products HTTP/1.1
2020-04-22 01:24:43,756 DEBUG [main] wire:72 -  >> "POST /products HTTP/1.1[\r][\n]"
2020-04-22 01:24:43,758 DEBUG [main] wire:72 -  >> "Accept: */*[\r][\n]"
2020-04-22 01:24:43,759 DEBUG [main] wire:72 -  >> "Content-Type: application/json; charset=UTF-8[\r][\n]"
2020-04-22 01:24:43,759 DEBUG [main] wire:72 -  >> "Content-Length: 102[\r][\n]"
2020-04-22 01:24:43,760 DEBUG [main] wire:72 -  >> "Host: localhost:3030[\r][\n]"
2020-04-22 01:24:43,761 DEBUG [main] wire:72 -  >> "Connection: Keep-Alive[\r][\n]"
2020-04-22 01:24:43,762 DEBUG [main] wire:72 -  >> "User-Agent: Apache-HttpClient/4.5.2 (Java/13.0.2)[\r][\n]"
2020-04-22 01:24:43,763 DEBUG [main] wire:72 -  >> "Accept-Encoding: gzip,deflate[\r][\n]"
2020-04-22 01:24:43,767 DEBUG [main] wire:72 -  >> "[\r][\n]"
2020-04-22 01:24:43,768 DEBUG [main] headers:280 - >> POST /products HTTP/1.1
2020-04-22 01:24:43,769 DEBUG [main] headers:283 - >> Accept: */*
2020-04-22 01:24:43,770 DEBUG [main] headers:283 - >> Content-Type: application/json; charset=UTF-8
2020-04-22 01:24:43,771 DEBUG [main] headers:283 - >> Content-Length: 102
2020-04-22 01:24:43,773 DEBUG [main] headers:283 - >> Host: localhost:3030
2020-04-22 01:24:43,774 DEBUG [main] headers:283 - >> Connection: Keep-Alive
2020-04-22 01:24:43,774 DEBUG [main] headers:283 - >> User-Agent: Apache-HttpClient/4.5.2 (Java/13.0.2)
2020-04-22 01:24:43,775 DEBUG [main] headers:283 - >> Accept-Encoding: gzip,deflate
2020-04-22 01:24:43,776 DEBUG [main] wire:86 -  >> "{"price":100,"name":"toys","upc":"12233344","description":"Awsome","model":"NP235","type":"hard type"}"
2020-04-22 01:24:44,074 DEBUG [main] wire:72 -  << "HTTP/1.1 201 Created[\r][\n]"
2020-04-22 01:24:44,077 DEBUG [main] wire:72 -  << "X-Powered-By: Express[\r][\n]"
2020-04-22 01:24:44,077 DEBUG [main] wire:72 -  << "Access-Control-Allow-Origin: *[\r][\n]"
2020-04-22 01:24:44,078 DEBUG [main] wire:72 -  << "Allow: GET,POST,PUT,PATCH,DELETE[\r][\n]"
2020-04-22 01:24:44,078 DEBUG [main] wire:72 -  << "Vary: Accept, Accept-Encoding[\r][\n]"
2020-04-22 01:24:44,079 DEBUG [main] wire:72 -  << "Content-Type: application/json; charset=utf-8[\r][\n]"
2020-04-22 01:24:44,080 DEBUG [main] wire:72 -  << "Content-Length: 193[\r][\n]"
2020-04-22 01:24:44,081 DEBUG [main] wire:72 -  << "ETag: W/"c1-8iW6m4JNhhc5eWXIqgrCjHcoAqU"[\r][\n]"
2020-04-22 01:24:44,082 DEBUG [main] wire:72 -  << "Date: Wed, 22 Apr 2020 08:24:44 GMT[\r][\n]"
2020-04-22 01:24:44,082 DEBUG [main] wire:72 -  << "Connection: keep-alive[\r][\n]"
2020-04-22 01:24:44,083 DEBUG [main] wire:72 -  << "[\r][\n]"
2020-04-22 01:24:44,084 DEBUG [main] DefaultClientConnection:261 - Receiving response: HTTP/1.1 201 Created
2020-04-22 01:24:44,085 DEBUG [main] headers:264 - << HTTP/1.1 201 Created
2020-04-22 01:24:44,086 DEBUG [main] headers:267 - << X-Powered-By: Express
2020-04-22 01:24:44,086 DEBUG [main] headers:267 - << Access-Control-Allow-Origin: *
2020-04-22 01:24:44,087 DEBUG [main] headers:267 - << Allow: GET,POST,PUT,PATCH,DELETE
2020-04-22 01:24:44,088 DEBUG [main] headers:267 - << Vary: Accept, Accept-Encoding
2020-04-22 01:24:44,088 DEBUG [main] headers:267 - << Content-Type: application/json; charset=utf-8
2020-04-22 01:24:44,089 DEBUG [main] headers:267 - << Content-Length: 193
2020-04-22 01:24:44,089 DEBUG [main] headers:267 - << ETag: W/"c1-8iW6m4JNhhc5eWXIqgrCjHcoAqU"
2020-04-22 01:24:44,090 DEBUG [main] headers:267 - << Date: Wed, 22 Apr 2020 08:24:44 GMT
2020-04-22 01:24:44,090 DEBUG [main] headers:267 - << Connection: keep-alive
2020-04-22 01:24:44,097 DEBUG [main] DefaultHttpClient:511 - Connection can be kept alive indefinitely
2020-04-22 01:24:44,123 DEBUG [main] RequestSpecificationImpl$RestAssuredHttpBuilder:544 - Parsing response as: application/json; charset=utf-8
2020-04-22 01:24:44,125 DEBUG [main] RequestSpecificationImpl$RestAssuredHttpBuilder:547 - Parsed data to instance of: class org.apache.http.conn.EofSensorInputStream
2020-04-22 01:24:44,177 DEBUG [main] wire:86 -  << "{"id":9999684,"price":100,"name":"toys","upc":"12233344","description":"Awsome","model":"NP235","type":"hard type","updatedAt":"2020-04-22T08:24:43.787Z","createdAt":"2020-04-22T08:24:43.787Z"}"
2020-04-22 01:24:44,182 DEBUG [main] BasicClientConnectionManager:203 - Releasing connection org.apache.http.impl.conn.ManagedClientConnectionImpl@2ab0702e
2020-04-22 01:24:44,183 DEBUG [main] BasicClientConnectionManager:228 - Connection can be kept alive indefinitely
